PhoneEar/FFTLibrary/build/intermediates/manifest_merge_blame_file/debug/manifest-merger-blame-debug-report.txt
1<?xml version="1.0" encoding="utf-8"?>
2<manifest xmlns:android="http://schemas.android.com/apk/res/android"
3    package="com.google.corp.productivity.specialprojects.android.fft"
4    android:versionCode="1"
5    android:versionName="1.0" > <!-- <uses-sdk android:minSdkVersion="7" /> -->
6    <uses-sdk
7        android:minSdkVersion="18"
7-->src/main/AndroidManifest.xml
8        android:targetSdkVersion="28" />
8-->src/main/AndroidManifest.xml
9
10</manifest>